<?xml version="1.0" encoding="utf-8"?><testsuites name="pytest tests"><testsuite name="pytest" errors="0" failures="0" skipped="0" tests="16" time="3.102" timestamp="2026-07-01T20:44:11.639065+00:00" hostname="agent-env-b0591b02-5497-4905-adb6-25cdddfbe8d5"><testcase classname="tests.test_phase2_tokenomics.TestAdminLogin" name="test_login_ok" time="0.391" /><testcase classname="tests.test_phase2_tokenomics.TestClaim" name="test_claim_creates_2000_hc_with_92day_lock" time="0.155" /><testcase classname="tests.test_phase2_tokenomics.TestClaim" name="test_claim_second_time_rejected" time="0.525" /><testcase classname="tests.test_phase2_tokenomics.TestAdminLogin" name="test_login_wrong" time="0.634" /><testcase classname="tests.test_phase2_tokenomics.TestClaim" name="test_claim_invalid_address" time="0.058" /><testcase classname="tests.test_phase2_tokenomics.TestClaim" name="test_claim_bnb_paid_persisted_in_admin_view" time="0.469" /><testcase classname="tests.test_phase2_tokenomics.TestAdminLogin" name="test_admin_claims_requires_auth" time="0.112" /><testcase classname="tests.test_phase2_tokenomics.TestWallet" name="test_wallet_after_claim_shows_lock" time="0.245" /><testcase classname="tests.test_phase2_tokenomics.TestAdminContent" name="test_get_content" time="0.065" /><testcase classname="tests.test_phase2_tokenomics.TestAdminContent" name="test_set_content_roundtrip" time="0.306" /><testcase classname="tests.test_phase2_tokenomics.TestWallet" name="test_wallet_unknown_returns_empty" time="0.071" /><testcase classname="tests.test_phase2_tokenomics.TestConfig" name="test_config_new_tokenomics" time="0.078" /><testcase classname="tests.test_phase2_tokenomics.TestReferral" name="test_referrer_gets_200hc_instant_no_lock" time="0.596" /><testcase classname="tests.test_phase2_tokenomics.TestAdminSocial" name="test_social_roundtrip_normalizes" time="0.722" /><testcase classname="tests.test_phase2_tokenomics.TestStats" name="test_stats_ok" time="0.077" /><testcase classname="tests.test_phase2_tokenomics.TestAdminClaims" name="test_list_and_update_status" time="0.281" /></testsuite></testsuites>