<?xml version="1.0" encoding="utf-8"?><testsuites name="pytest tests"><testsuite name="pytest" errors="0" failures="0" skipped="0" tests="17" time="3.040" timestamp="2026-06-28T19:22:27.888939+00:00" hostname="agent-env-b0591b02-5497-4905-adb6-25cdddfbe8d5"><testcase classname="tests.test_humanity_coin.TestAdminAuth" name="test_login_wrong" time="0.688" /><testcase classname="tests.test_humanity_coin.TestPublic" name="test_health" time="0.437" /><testcase classname="tests.test_humanity_coin.TestPublic" name="test_config" time="0.048" /><testcase classname="tests.test_humanity_coin.TestPublic" name="test_stats" time="0.053" /><testcase classname="tests.test_humanity_coin.TestPublic" name="test_wallet_new" time="0.056" /><testcase classname="tests.test_humanity_coin.TestPublic" name="test_claim_invalid_addr" time="0.052" /><testcase classname="tests.test_humanity_coin.TestClaim" name="test_claim_creates" time="0.622" /><testcase classname="tests.test_humanity_coin.TestAdminAuth" name="test_login_ok" time="0.268" /><testcase classname="tests.test_humanity_coin.TestAdminAuth" name="test_admin_claims_no_token" time="0.045" /><testcase classname="tests.test_humanity_coin.TestAdminAuth" name="test_admin_claims_with_token" time="0.567" /><testcase classname="tests.test_humanity_coin.TestAdminClaimUpdate" name="test_credit_claim" time="0.630" /><testcase classname="tests.test_humanity_coin.TestAdminReferrals" name="test_list" time="0.047" /><testcase classname="tests.test_humanity_coin.TestAdminContent" name="test_get_and_set" time="0.189" /><testcase classname="tests.test_humanity_coin.TestAdminSocial" name="test_set_normalizes" time="0.139" /><testcase classname="tests.test_humanity_coin.TestAdminCredit" name="test_credit" time="0.175" /><testcase classname="tests.test_humanity_coin.TestAdminOnchain" name="test_onchain" time="0.508" /><testcase classname="tests.test_humanity_coin.TestAdminCampaign" name="test_get_and_set" time="0.101" /></testsuite></testsuites>