<?xml version="1.0" encoding="utf-8"?><testsuites name="pytest tests"><testsuite name="pytest" errors="0" failures="4" skipped="0" tests="17" time="3.534" timestamp="2026-07-01T20:42:33.823200+00:00" hostname="agent-env-b0591b02-5497-4905-adb6-25cdddfbe8d5"><testcase classname="tests.test_humanity_coin.TestAdminAuth" name="test_login_wrong" time="0.786" /><testcase classname="tests.test_humanity_coin.TestPublic" name="test_health" time="0.536" /><testcase classname="tests.test_humanity_coin.TestPublic" name="test_config" time="0.078"><failure message="KeyError: 'amount'">backend/tests/test_humanity_coin.py:52: in test_config
    assert d["claim"]["amount"] == 10
           ^^^^^^^^^^^^^^^^^^^^
E   KeyError: 'amount'</failure></testcase><testcase classname="tests.test_humanity_coin.TestPublic" name="test_stats" time="0.071" /><testcase classname="tests.test_humanity_coin.TestPublic" name="test_wallet_new" time="0.126" /><testcase classname="tests.test_humanity_coin.TestAdminAuth" name="test_login_ok" time="0.284" /><testcase classname="tests.test_humanity_coin.TestPublic" name="test_claim_invalid_addr" time="0.234" /><testcase classname="tests.test_humanity_coin.TestAdminAuth" name="test_admin_claims_no_token" time="0.073" /><testcase classname="tests.test_humanity_coin.TestClaim" name="test_claim_creates" time="0.101"><failure message="AssertionError: assert 'next_claim_at' in {'ok': True, 'claim_id': 1, 'address': '0xaaaaaaaaaaaaaaaaaaaaaaaaaaaaaaaa6a457bbb', 'reward_tokens': 2000.0, ...}">backend/tests/test_humanity_coin.py:89: in test_claim_creates
    assert "next_claim_at" in d
E   AssertionError: assert 'next_claim_at' in {'ok': True, 'claim_id': 1, 'address': '0xaaaaaaaaaaaaaaaaaaaaaaaaaaaaaaaa6a457bbb', 'reward_tokens': 2000.0, ...}</failure></testcase><testcase classname="tests.test_humanity_coin.TestAdminAuth" name="test_admin_claims_with_token" time="0.544" /><testcase classname="tests.test_humanity_coin.TestAdminClaimUpdate" name="test_credit_claim" time="0.832"><failure message="assert 2000.0 == 10">backend/tests/test_humanity_coin.py:149: in test_credit_claim
    assert w["credited_balance"] == 10
E   assert 2000.0 == 10</failure></testcase><testcase classname="tests.test_humanity_coin.TestAdminCredit" name="test_credit" time="0.272" /><testcase classname="tests.test_humanity_coin.TestAdminContent" name="test_get_and_set" time="0.258"><failure message="KeyError: 'amount'">backend/tests/test_humanity_coin.py:191: in test_get_and_set
    assert float(cfg["claim"]["amount"]) == 12
                 ^^^^^^^^^^^^^^^^^^^^^^
E   KeyError: 'amount'</failure></testcase><testcase classname="tests.test_humanity_coin.TestAdminReferrals" name="test_list" time="0.062" /><testcase classname="tests.test_humanity_coin.TestAdminCampaign" name="test_get_and_set" time="0.135" /><testcase classname="tests.test_humanity_coin.TestAdminSocial" name="test_set_normalizes" time="0.155" /><testcase classname="tests.test_humanity_coin.TestAdminOnchain" name="test_onchain" time="0.581" /></testsuite></testsuites>